<?xml version="1.0" encoding="UTF-8"?>
<!-- Generated by org.testng.reporters.JUnitReportReporter -->
<testsuite hostname="DESKTOP-JJ4UCHL" failures="0" tests="1" name="pageObjectModel.Demo" time="0.011" errors="0" timestamp="2023-08-02T16:55:01 IST" skipped="0">
  <testcase classname="pageObjectModel.Demo" name="runn" time="0.011"/>
</testsuite> <!-- pageObjectModel.Demo -->
