<?xml version="1.0" encoding="UTF-8"?>
<!-- Generated by org.testng.reporters.JUnitReportReporter -->
<testsuite hostname="DESKTOP-JJ4UCHL" failures="0" tests="1" name="pageObjectModel.RegistrationPage" time="0.012" errors="0" timestamp="2023-08-02T17:14:40 IST" skipped="0">
  <testcase classname="pageObjectModel.RegistrationPage" name="run" time="0.012"/>
</testsuite> <!-- pageObjectModel.RegistrationPage -->
