<?xml version="1.0" encoding="UTF-8"?>
<!-- Generated by org.testng.reporters.JUnitReportReporter -->
<testsuite hostname="DESKTOP-JJ4UCHL" failures="0" tests="1" name="pageObjectModel.RegistrationTest" time="15.370" errors="0" timestamp="2023-08-07T12:55:48 IST" skipped="0">
  <testcase classname="pageObjectModel.RegistrationTest" name="verifyFlightReg" time="15.370"/>
</testsuite> <!-- pageObjectModel.RegistrationTest -->
